<?xml version="1.0" encoding="UTF-8"?>
<testsuite xmlns:xsi="http://www.w3.org/2001/XMLSchema-instance" xsi:noNamespaceSchemaLocation="https://maven.apache.org/surefire/maven-surefire-plugin/xsd/surefire-test-report-3.0.xsd" version="3.0" name="co.solvers.apilearnlink.service.comentario.ComentarioServiceTest" time="0.381" tests="8" errors="0" skipped="0" failures="0">
  <properties>
    <property name="java.specification.version" value="17"/>
    <property name="sun.jnu.encoding" value="UTF-8"/>
    <property name="java.class.path" value="/home/joaofe/Documentos/LearLink/Learn-Link/back-end/api-learn-link/target/test-classes:/home/joaofe/Documentos/LearLink/Learn-Link/back-end/api-learn-link/target/classes:/home/joaofe/.m2/repository/org/springframework/boot/spring-boot-starter-web/3.2.3/spring-boot-starter-web-3.2.3.jar:/home/joaofe/.m2/repository/org/springframework/boot/spring-boot-starter/3.2.3/spring-boot-starter-3.2.3.jar:/home/joaofe/.m2/repository/org/springframework/boot/spring-boot/3.2.3/spring-boot-3.2.3.jar:/home/joaofe/.m2/repository/org/springframework/boot/spring-boot-autoconfigure/3.2.3/spring-boot-autoconfigure-3.2.3.jar:/home/joaofe/.m2/repository/org/springframework/boot/spring-boot-starter-logging/3.2.3/spring-boot-starter-logging-3.2.3.jar:/home/joaofe/.m2/repository/ch/qos/logback/logback-classic/1.4.14/logback-classic-1.4.14.jar:/home/joaofe/.m2/repository/ch/qos/logback/logback-core/1.4.14/logback-core-1.4.14.jar:/home/joaofe/.m2/repository/org/apache/logging/log4j/log4j-to-slf4j/2.21.1/log4j-to-slf4j-2.21.1.jar:/home/joaofe/.m2/repository/org/apache/logging/log4j/log4j-api/2.21.1/log4j-api-2.21.1.jar:/home/joaofe/.m2/repository/org/slf4j/jul-to-slf4j/2.0.12/jul-to-slf4j-2.0.12.jar:/home/joaofe/.m2/repository/jakarta/annotation/jakarta.annotation-api/2.1.1/jakarta.annotation-api-2.1.1.jar:/home/joaofe/.m2/repository/org/yaml/snakeyaml/2.2/snakeyaml-2.2.jar:/home/joaofe/.m2/repository/org/springframework/boot/spring-boot-starter-json/3.2.3/spring-boot-starter-json-3.2.3.jar:/home/joaofe/.m2/repository/com/fasterxml/jackson/datatype/jackson-datatype-jdk8/2.15.4/jackson-datatype-jdk8-2.15.4.jar:/home/joaofe/.m2/repository/com/fasterxml/jackson/module/jackson-module-parameter-names/2.15.4/jackson-module-parameter-names-2.15.4.jar:/home/joaofe/.m2/repository/org/springframework/boot/spring-boot-starter-tomcat/3.2.3/spring-boot-starter-tomcat-3.2.3.jar:/home/joaofe/.m2/repository/org/apache/tomcat/embed/tomcat-embed-core/10.1.19/tomcat-embed-core-10.1.19.jar:/home/joaofe/.m2/repository/org/apache/tomcat/embed/tomcat-embed-websocket/10.1.19/tomcat-embed-websocket-10.1.19.jar:/home/joaofe/.m2/repository/org/springframework/spring-web/6.1.4/spring-web-6.1.4.jar:/home/joaofe/.m2/repository/org/springframework/spring-beans/6.1.4/spring-beans-6.1.4.jar:/home/joaofe/.m2/repository/org/springframework/spring-webmvc/6.1.4/spring-webmvc-6.1.4.jar:/home/joaofe/.m2/repository/org/springframework/spring-context/6.1.4/spring-context-6.1.4.jar:/home/joaofe/.m2/repository/org/springframework/spring-expression/6.1.4/spring-expression-6.1.4.jar:/home/joaofe/.m2/repository/org/springframework/boot/spring-boot-starter-test/3.2.3/spring-boot-starter-test-3.2.3.jar:/home/joaofe/.m2/repository/org/springframework/boot/spring-boot-test/3.2.3/spring-boot-test-3.2.3.jar:/home/joaofe/.m2/repository/org/springframework/boot/spring-boot-test-autoconfigure/3.2.3/spring-boot-test-autoconfigure-3.2.3.jar:/home/joaofe/.m2/repository/com/jayway/jsonpath/json-path/2.9.0/json-path-2.9.0.jar:/home/joaofe/.m2/repository/org/slf4j/slf4j-api/2.0.12/slf4j-api-2.0.12.jar:/home/joaofe/.m2/repository/jakarta/xml/bind/jakarta.xml.bind-api/4.0.1/jakarta.xml.bind-api-4.0.1.jar:/home/joaofe/.m2/repository/jakarta/activation/jakarta.activation-api/2.1.2/jakarta.activation-api-2.1.2.jar:/home/joaofe/.m2/repository/net/minidev/json-smart/2.5.0/json-smart-2.5.0.jar:/home/joaofe/.m2/repository/net/minidev/accessors-smart/2.5.0/accessors-smart-2.5.0.jar:/home/joaofe/.m2/repository/org/ow2/asm/asm/9.3/asm-9.3.jar:/home/joaofe/.m2/repository/org/awaitility/awaitility/4.2.0/awaitility-4.2.0.jar:/home/joaofe/.m2/repository/org/hamcrest/hamcrest/2.2/hamcrest-2.2.jar:/home/joaofe/.m2/repository/org/junit/jupiter/junit-jupiter/5.10.2/junit-jupiter-5.10.2.jar:/home/joaofe/.m2/repository/org/junit/jupiter/junit-jupiter-api/5.10.2/junit-jupiter-api-5.10.2.jar:/home/joaofe/.m2/repository/org/opentest4j/opentest4j/1.3.0/opentest4j-1.3.0.jar:/home/joaofe/.m2/repository/org/junit/platform/junit-platform-commons/1.10.2/junit-platform-commons-1.10.2.jar:/home/joaofe/.m2/repository/org/apiguardian/apiguardian-api/1.1.2/apiguardian-api-1.1.2.jar:/home/joaofe/.m2/repository/org/junit/jupiter/junit-jupiter-params/5.10.2/junit-jupiter-params-5.10.2.jar:/home/joaofe/.m2/repository/org/junit/jupiter/junit-jupiter-engine/5.10.2/junit-jupiter-engine-5.10.2.jar:/home/joaofe/.m2/repository/org/junit/platform/junit-platform-engine/1.10.2/junit-platform-engine-1.10.2.jar:/home/joaofe/.m2/repository/org/mockito/mockito-core/5.7.0/mockito-core-5.7.0.jar:/home/joaofe/.m2/repository/net/bytebuddy/byte-buddy-agent/1.14.12/byte-buddy-agent-1.14.12.jar:/home/joaofe/.m2/repository/org/objenesis/objenesis/3.3/objenesis-3.3.jar:/home/joaofe/.m2/repository/org/mockito/mockito-junit-jupiter/5.7.0/mockito-junit-jupiter-5.7.0.jar:/home/joaofe/.m2/repository/org/skyscreamer/jsonassert/1.5.1/jsonassert-1.5.1.jar:/home/joaofe/.m2/repository/com/vaadin/external/google/android-json/0.0.20131108.vaadin1/android-json-0.0.20131108.vaadin1.jar:/home/joaofe/.m2/repository/org/springframework/spring-core/6.1.4/spring-core-6.1.4.jar:/home/joaofe/.m2/repository/org/springframework/spring-jcl/6.1.4/spring-jcl-6.1.4.jar:/home/joaofe/.m2/repository/org/springframework/spring-test/6.1.4/spring-test-6.1.4.jar:/home/joaofe/.m2/repository/org/xmlunit/xmlunit-core/2.9.1/xmlunit-core-2.9.1.jar:/home/joaofe/.m2/repository/org/springframework/boot/spring-boot-starter-data-jpa/3.2.3/spring-boot-starter-data-jpa-3.2.3.jar:/home/joaofe/.m2/repository/org/springframework/boot/spring-boot-starter-aop/3.2.3/spring-boot-starter-aop-3.2.3.jar:/home/joaofe/.m2/repository/org/aspectj/aspectjweaver/1.9.21/aspectjweaver-1.9.21.jar:/home/joaofe/.m2/repository/org/springframework/boot/spring-boot-starter-jdbc/3.2.3/spring-boot-starter-jdbc-3.2.3.jar:/home/joaofe/.m2/repository/com/zaxxer/HikariCP/5.0.1/HikariCP-5.0.1.jar:/home/joaofe/.m2/repository/org/springframework/spring-jdbc/6.1.4/spring-jdbc-6.1.4.jar:/home/joaofe/.m2/repository/org/hibernate/orm/hibernate-core/6.4.4.Final/hibernate-core-6.4.4.Final.jar:/home/joaofe/.m2/repository/jakarta/persistence/jakarta.persistence-api/3.1.0/jakarta.persistence-api-3.1.0.jar:/home/joaofe/.m2/repository/jakarta/transaction/jakarta.transaction-api/2.0.1/jakarta.transaction-api-2.0.1.jar:/home/joaofe/.m2/repository/org/jboss/logging/jboss-logging/3.5.3.Final/jboss-logging-3.5.3.Final.jar:/home/joaofe/.m2/repository/org/hibernate/common/hibernate-commons-annotations/6.0.6.Final/hibernate-commons-annotations-6.0.6.Final.jar:/home/joaofe/.m2/repository/io/smallrye/jandex/3.1.2/jandex-3.1.2.jar:/home/joaofe/.m2/repository/com/fasterxml/classmate/1.6.0/classmate-1.6.0.jar:/home/joaofe/.m2/repository/org/glassfish/jaxb/jaxb-runtime/4.0.4/jaxb-runtime-4.0.4.jar:/home/joaofe/.m2/repository/org/glassfish/jaxb/jaxb-core/4.0.4/jaxb-core-4.0.4.jar:/home/joaofe/.m2/repository/org/eclipse/angus/angus-activation/2.0.1/angus-activation-2.0.1.jar:/home/joaofe/.m2/repository/org/glassfish/jaxb/txw2/4.0.4/txw2-4.0.4.jar:/home/joaofe/.m2/repository/com/sun/istack/istack-commons-runtime/4.1.2/istack-commons-runtime-4.1.2.jar:/home/joaofe/.m2/repository/jakarta/inject/jakarta.inject-api/2.0.1/jakarta.inject-api-2.0.1.jar:/home/joaofe/.m2/repository/org/antlr/antlr4-runtime/4.13.0/antlr4-runtime-4.13.0.jar:/home/joaofe/.m2/repository/org/springframework/data/spring-data-jpa/3.2.3/spring-data-jpa-3.2.3.jar:/home/joaofe/.m2/repository/org/springframework/data/spring-data-commons/3.2.3/spring-data-commons-3.2.3.jar:/home/joaofe/.m2/repository/org/springframework/spring-orm/6.1.4/spring-orm-6.1.4.jar:/home/joaofe/.m2/repository/org/springframework/spring-tx/6.1.4/spring-tx-6.1.4.jar:/home/joaofe/.m2/repository/org/springframework/spring-aspects/6.1.4/spring-aspects-6.1.4.jar:/home/joaofe/.m2/repository/org/springframework/boot/spring-boot-starter-validation/3.2.3/spring-boot-starter-validation-3.2.3.jar:/home/joaofe/.m2/repository/org/apache/tomcat/embed/tomcat-embed-el/10.1.19/tomcat-embed-el-10.1.19.jar:/home/joaofe/.m2/repository/org/hibernate/validator/hibernate-validator/8.0.1.Final/hibernate-validator-8.0.1.Final.jar:/home/joaofe/.m2/repository/jakarta/validation/jakarta.validation-api/3.0.2/jakarta.validation-api-3.0.2.jar:/home/joaofe/.m2/repository/com/h2database/h2/2.2.224/h2-2.2.224.jar:/home/joaofe/.m2/repository/org/springdoc/springdoc-openapi-starter-webmvc-ui/2.5.0/springdoc-openapi-starter-webmvc-ui-2.5.0.jar:/home/joaofe/.m2/repository/org/springdoc/springdoc-openapi-starter-webmvc-api/2.5.0/springdoc-openapi-starter-webmvc-api-2.5.0.jar:/home/joaofe/.m2/repository/org/springdoc/springdoc-openapi-starter-common/2.5.0/springdoc-openapi-starter-common-2.5.0.jar:/home/joaofe/.m2/repository/io/swagger/core/v3/swagger-core-jakarta/2.2.21/swagger-core-jakarta-2.2.21.jar:/home/joaofe/.m2/repository/org/apache/commons/commons-lang3/3.13.0/commons-lang3-3.13.0.jar:/home/joaofe/.m2/repository/io/swagger/core/v3/swagger-annotations-jakarta/2.2.21/swagger-annotations-jakarta-2.2.21.jar:/home/joaofe/.m2/repository/io/swagger/core/v3/swagger-models-jakarta/2.2.21/swagger-models-jakarta-2.2.21.jar:/home/joaofe/.m2/repository/com/fasterxml/jackson/dataformat/jackson-dataformat-yaml/2.15.4/jackson-dataformat-yaml-2.15.4.jar:/home/joaofe/.m2/repository/org/webjars/swagger-ui/5.13.0/swagger-ui-5.13.0.jar:/home/joaofe/.m2/repository/org/mapstruct/mapstruct/1.5.0.Final/mapstruct-1.5.0.Final.jar:/home/joaofe/.m2/repository/org/springframework/boot/spring-boot-starter-security/3.2.3/spring-boot-starter-security-3.2.3.jar:/home/joaofe/.m2/repository/org/springframework/spring-aop/6.1.4/spring-aop-6.1.4.jar:/home/joaofe/.m2/repository/org/springframework/security/spring-security-config/6.2.2/spring-security-config-6.2.2.jar:/home/joaofe/.m2/repository/org/springframework/security/spring-security-web/6.2.2/spring-security-web-6.2.2.jar:/home/joaofe/.m2/repository/org/springframework/security/spring-security-test/6.2.2/spring-security-test-6.2.2.jar:/home/joaofe/.m2/repository/org/springframework/security/spring-security-core/6.2.2/spring-security-core-6.2.2.jar:/home/joaofe/.m2/repository/org/springframework/security/spring-security-crypto/6.2.2/spring-security-crypto-6.2.2.jar:/home/joaofe/.m2/repository/io/jsonwebtoken/jjwt-api/0.11.5/jjwt-api-0.11.5.jar:/home/joaofe/.m2/repository/io/jsonwebtoken/jjwt-impl/0.11.2/jjwt-impl-0.11.2.jar:/home/joaofe/.m2/repository/io/jsonwebtoken/jjwt-jackson/0.11.1/jjwt-jackson-0.11.1.jar:/home/joaofe/.m2/repository/com/fasterxml/jackson/core/jackson-databind/2.15.4/jackson-databind-2.15.4.jar:/home/joaofe/.m2/repository/org/springframework/boot/spring-boot-starter-actuator/3.0.5/spring-boot-starter-actuator-3.0.5.jar:/home/joaofe/.m2/repository/org/springframework/boot/spring-boot-actuator-autoconfigure/3.2.3/spring-boot-actuator-autoconfigure-3.2.3.jar:/home/joaofe/.m2/repository/org/springframework/boot/spring-boot-actuator/3.2.3/spring-boot-actuator-3.2.3.jar:/home/joaofe/.m2/repository/io/micrometer/micrometer-observation/1.12.3/micrometer-observation-1.12.3.jar:/home/joaofe/.m2/repository/io/micrometer/micrometer-commons/1.12.3/micrometer-commons-1.12.3.jar:/home/joaofe/.m2/repository/io/micrometer/micrometer-core/1.12.3/micrometer-core-1.12.3.jar:/home/joaofe/.m2/repository/org/hdrhistogram/HdrHistogram/2.1.12/HdrHistogram-2.1.12.jar:/home/joaofe/.m2/repository/org/latencyutils/LatencyUtils/2.0.3/LatencyUtils-2.0.3.jar:/home/joaofe/.m2/repository/org/projectlombok/lombok/1.18.30/lombok-1.18.30.jar:/home/joaofe/.m2/repository/com/mysql/mysql-connector-j/8.4.0/mysql-connector-j-8.4.0.jar:/home/joaofe/.m2/repository/org/assertj/assertj-core/3.26.3/assertj-core-3.26.3.jar:/home/joaofe/.m2/repository/net/bytebuddy/byte-buddy/1.14.12/byte-buddy-1.14.12.jar:/home/joaofe/.m2/repository/com/theokanning/openai-gpt3-java/service/0.18.2/service-0.18.2.jar:/home/joaofe/.m2/repository/com/theokanning/openai-gpt3-java/client/0.18.2/client-0.18.2.jar:/home/joaofe/.m2/repository/com/theokanning/openai-gpt3-java/api/0.18.2/api-0.18.2.jar:/home/joaofe/.m2/repository/com/squareup/retrofit2/retrofit/2.9.0/retrofit-2.9.0.jar:/home/joaofe/.m2/repository/com/squareup/okhttp3/okhttp/4.12.0/okhttp-4.12.0.jar:/home/joaofe/.m2/repository/com/squareup/okio/okio/3.6.0/okio-3.6.0.jar:/home/joaofe/.m2/repository/com/squareup/okio/okio-jvm/3.6.0/okio-jvm-3.6.0.jar:/home/joaofe/.m2/repository/org/jetbrains/kotlin/kotlin-stdlib-common/1.9.22/kotlin-stdlib-common-1.9.22.jar:/home/joaofe/.m2/repository/org/jetbrains/kotlin/kotlin-stdlib-jdk8/1.9.22/kotlin-stdlib-jdk8-1.9.22.jar:/home/joaofe/.m2/repository/org/jetbrains/kotlin/kotlin-stdlib/1.9.22/kotlin-stdlib-1.9.22.jar:/home/joaofe/.m2/repository/org/jetbrains/annotations/13.0/annotations-13.0.jar:/home/joaofe/.m2/repository/org/jetbrains/kotlin/kotlin-stdlib-jdk7/1.9.22/kotlin-stdlib-jdk7-1.9.22.jar:/home/joaofe/.m2/repository/com/squareup/retrofit2/adapter-rxjava2/2.9.0/adapter-rxjava2-2.9.0.jar:/home/joaofe/.m2/repository/io/reactivex/rxjava2/rxjava/2.0.0/rxjava-2.0.0.jar:/home/joaofe/.m2/repository/org/reactivestreams/reactive-streams/1.0.4/reactive-streams-1.0.4.jar:/home/joaofe/.m2/repository/com/squareup/retrofit2/converter-jackson/2.9.0/converter-jackson-2.9.0.jar:/home/joaofe/.m2/repository/com/kjetland/mbknor-jackson-jsonschema_2.12/1.0.34/mbknor-jackson-jsonschema_2.12-1.0.34.jar:/home/joaofe/.m2/repository/org/scala-lang/scala-library/2.12.8/scala-library-2.12.8.jar:/home/joaofe/.m2/repository/javax/validation/validation-api/2.0.1.Final/validation-api-2.0.1.Final.jar:/home/joaofe/.m2/repository/io/github/classgraph/classgraph/4.8.21/classgraph-4.8.21.jar:/home/joaofe/.m2/repository/com/knuddels/jtokkit/0.6.1/jtokkit-0.6.1.jar:/home/joaofe/.m2/repository/software/amazon/awssdk/lambda/2.27.4/lambda-2.27.4.jar:/home/joaofe/.m2/repository/software/amazon/awssdk/aws-json-protocol/2.27.4/aws-json-protocol-2.27.4.jar:/home/joaofe/.m2/repository/software/amazon/awssdk/third-party-jackson-core/2.27.4/third-party-jackson-core-2.27.4.jar:/home/joaofe/.m2/repository/software/amazon/awssdk/protocol-core/2.27.4/protocol-core-2.27.4.jar:/home/joaofe/.m2/repository/software/amazon/awssdk/http-auth-aws/2.27.4/http-auth-aws-2.27.4.jar:/home/joaofe/.m2/repository/software/amazon/awssdk/checksums-spi/2.27.4/checksums-spi-2.27.4.jar:/home/joaofe/.m2/repository/software/amazon/awssdk/checksums/2.27.4/checksums-2.27.4.jar:/home/joaofe/.m2/repository/software/amazon/awssdk/sdk-core/2.27.4/sdk-core-2.27.4.jar:/home/joaofe/.m2/repository/software/amazon/awssdk/profiles/2.27.4/profiles-2.27.4.jar:/home/joaofe/.m2/repository/software/amazon/awssdk/retries/2.27.4/retries-2.27.4.jar:/home/joaofe/.m2/repository/software/amazon/awssdk/auth/2.27.4/auth-2.27.4.jar:/home/joaofe/.m2/repository/software/amazon/awssdk/http-auth-aws-eventstream/2.27.4/http-auth-aws-eventstream-2.27.4.jar:/home/joaofe/.m2/repository/software/amazon/eventstream/eventstream/1.0.1/eventstream-1.0.1.jar:/home/joaofe/.m2/repository/software/amazon/awssdk/http-auth-spi/2.27.4/http-auth-spi-2.27.4.jar:/home/joaofe/.m2/repository/software/amazon/awssdk/http-auth/2.27.4/http-auth-2.27.4.jar:/home/joaofe/.m2/repository/software/amazon/awssdk/identity-spi/2.27.4/identity-spi-2.27.4.jar:/home/joaofe/.m2/repository/software/amazon/awssdk/http-client-spi/2.27.4/http-client-spi-2.27.4.jar:/home/joaofe/.m2/repository/software/amazon/awssdk/regions/2.27.4/regions-2.27.4.jar:/home/joaofe/.m2/repository/software/amazon/awssdk/annotations/2.27.4/annotations-2.27.4.jar:/home/joaofe/.m2/repository/software/amazon/awssdk/utils/2.27.4/utils-2.27.4.jar:/home/joaofe/.m2/repository/software/amazon/awssdk/aws-core/2.27.4/aws-core-2.27.4.jar:/home/joaofe/.m2/repository/software/amazon/awssdk/metrics-spi/2.27.4/metrics-spi-2.27.4.jar:/home/joaofe/.m2/repository/software/amazon/awssdk/json-utils/2.27.4/json-utils-2.27.4.jar:/home/joaofe/.m2/repository/software/amazon/awssdk/endpoints-spi/2.27.4/endpoints-spi-2.27.4.jar:/home/joaofe/.m2/repository/software/amazon/awssdk/retries-spi/2.27.4/retries-spi-2.27.4.jar:/home/joaofe/.m2/repository/software/amazon/awssdk/apache-client/2.27.4/apache-client-2.27.4.jar:/home/joaofe/.m2/repository/org/apache/httpcomponents/httpclient/4.5.13/httpclient-4.5.13.jar:/home/joaofe/.m2/repository/commons-logging/commons-logging/1.2/commons-logging-1.2.jar:/home/joaofe/.m2/repository/org/apache/httpcomponents/httpcore/4.4.16/httpcore-4.4.16.jar:/home/joaofe/.m2/repository/commons-codec/commons-codec/1.16.1/commons-codec-1.16.1.jar:/home/joaofe/.m2/repository/software/amazon/awssdk/netty-nio-client/2.27.4/netty-nio-client-2.27.4.jar:/home/joaofe/.m2/repository/io/netty/netty-codec-http/4.1.107.Final/netty-codec-http-4.1.107.Final.jar:/home/joaofe/.m2/repository/io/netty/netty-codec-http2/4.1.107.Final/netty-codec-http2-4.1.107.Final.jar:/home/joaofe/.m2/repository/io/netty/netty-codec/4.1.107.Final/netty-codec-4.1.107.Final.jar:/home/joaofe/.m2/repository/io/netty/netty-transport/4.1.107.Final/netty-transport-4.1.107.Final.jar:/home/joaofe/.m2/repository/io/netty/netty-common/4.1.107.Final/netty-common-4.1.107.Final.jar:/home/joaofe/.m2/repository/io/netty/netty-buffer/4.1.107.Final/netty-buffer-4.1.107.Final.jar:/home/joaofe/.m2/repository/io/netty/netty-handler/4.1.107.Final/netty-handler-4.1.107.Final.jar:/home/joaofe/.m2/repository/io/netty/netty-transport-native-unix-common/4.1.107.Final/netty-transport-native-unix-common-4.1.107.Final.jar:/home/joaofe/.m2/repository/io/netty/netty-transport-classes-epoll/4.1.107.Final/netty-transport-classes-epoll-4.1.107.Final.jar:/home/joaofe/.m2/repository/io/netty/netty-resolver/4.1.107.Final/netty-resolver-4.1.107.Final.jar:/home/joaofe/.m2/repository/com/fasterxml/jackson/datatype/jackson-datatype-jsr310/2.15.4/jackson-datatype-jsr310-2.15.4.jar:/home/joaofe/.m2/repository/com/fasterxml/jackson/core/jackson-annotations/2.15.4/jackson-annotations-2.15.4.jar:/home/joaofe/.m2/repository/com/fasterxml/jackson/core/jackson-core/2.15.4/jackson-core-2.15.4.jar:"/>
    <property name="java.vm.vendor" value="Oracle Corporation"/>
    <property name="sun.arch.data.model" value="64"/>
    <property name="java.vendor.url" value="https://java.oracle.com/"/>
    <property name="user.timezone" value="America/Sao_Paulo"/>
    <property name="os.name" value="Linux"/>
    <property name="java.vm.specification.version" value="17"/>
    <property name="sun.java.launcher" value="SUN_STANDARD"/>
    <property name="user.country" value="BR"/>
    <property name="sun.boot.library.path" value="/home/joaofe/.sdkman/candidates/java/17.0.12-oracle/lib"/>
    <property name="sun.java.command" value="/home/joaofe/Documentos/LearLink/Learn-Link/back-end/api-learn-link/target/surefire/surefirebooter-20241204192640927_3.jar /home/joaofe/Documentos/LearLink/Learn-Link/back-end/api-learn-link/target/surefire 2024-12-04T19-26-40_728-jvmRun1 surefire-20241204192640927_1tmp surefire_0-20241204192640927_2tmp"/>
    <property name="jdk.debug" value="release"/>
    <property name="surefire.test.class.path" value="/home/joaofe/Documentos/LearLink/Learn-Link/back-end/api-learn-link/target/test-classes:/home/joaofe/Documentos/LearLink/Learn-Link/back-end/api-learn-link/target/classes:/home/joaofe/.m2/repository/org/springframework/boot/spring-boot-starter-web/3.2.3/spring-boot-starter-web-3.2.3.jar:/home/joaofe/.m2/repository/org/springframework/boot/spring-boot-starter/3.2.3/spring-boot-starter-3.2.3.jar:/home/joaofe/.m2/repository/org/springframework/boot/spring-boot/3.2.3/spring-boot-3.2.3.jar:/home/joaofe/.m2/repository/org/springframework/boot/spring-boot-autoconfigure/3.2.3/spring-boot-autoconfigure-3.2.3.jar:/home/joaofe/.m2/repository/org/springframework/boot/spring-boot-starter-logging/3.2.3/spring-boot-starter-logging-3.2.3.jar:/home/joaofe/.m2/repository/ch/qos/logback/logback-classic/1.4.14/logback-classic-1.4.14.jar:/home/joaofe/.m2/repository/ch/qos/logback/logback-core/1.4.14/logback-core-1.4.14.jar:/home/joaofe/.m2/repository/org/apache/logging/log4j/log4j-to-slf4j/2.21.1/log4j-to-slf4j-2.21.1.jar:/home/joaofe/.m2/repository/org/apache/logging/log4j/log4j-api/2.21.1/log4j-api-2.21.1.jar:/home/joaofe/.m2/repository/org/slf4j/jul-to-slf4j/2.0.12/jul-to-slf4j-2.0.12.jar:/home/joaofe/.m2/repository/jakarta/annotation/jakarta.annotation-api/2.1.1/jakarta.annotation-api-2.1.1.jar:/home/joaofe/.m2/repository/org/yaml/snakeyaml/2.2/snakeyaml-2.2.jar:/home/joaofe/.m2/repository/org/springframework/boot/spring-boot-starter-json/3.2.3/spring-boot-starter-json-3.2.3.jar:/home/joaofe/.m2/repository/com/fasterxml/jackson/datatype/jackson-datatype-jdk8/2.15.4/jackson-datatype-jdk8-2.15.4.jar:/home/joaofe/.m2/repository/com/fasterxml/jackson/module/jackson-module-parameter-names/2.15.4/jackson-module-parameter-names-2.15.4.jar:/home/joaofe/.m2/repository/org/springframework/boot/spring-boot-starter-tomcat/3.2.3/spring-boot-starter-tomcat-3.2.3.jar:/home/joaofe/.m2/repository/org/apache/tomcat/embed/tomcat-embed-core/10.1.19/tomcat-embed-core-10.1.19.jar:/home/joaofe/.m2/repository/org/apache/tomcat/embed/tomcat-embed-websocket/10.1.19/tomcat-embed-websocket-10.1.19.jar:/home/joaofe/.m2/repository/org/springframework/spring-web/6.1.4/spring-web-6.1.4.jar:/home/joaofe/.m2/repository/org/springframework/spring-beans/6.1.4/spring-beans-6.1.4.jar:/home/joaofe/.m2/repository/org/springframework/spring-webmvc/6.1.4/spring-webmvc-6.1.4.jar:/home/joaofe/.m2/repository/org/springframework/spring-context/6.1.4/spring-context-6.1.4.jar:/home/joaofe/.m2/repository/org/springframework/spring-expression/6.1.4/spring-expression-6.1.4.jar:/home/joaofe/.m2/repository/org/springframework/boot/spring-boot-starter-test/3.2.3/spring-boot-starter-test-3.2.3.jar:/home/joaofe/.m2/repository/org/springframework/boot/spring-boot-test/3.2.3/spring-boot-test-3.2.3.jar:/home/joaofe/.m2/repository/org/springframework/boot/spring-boot-test-autoconfigure/3.2.3/spring-boot-test-autoconfigure-3.2.3.jar:/home/joaofe/.m2/repository/com/jayway/jsonpath/json-path/2.9.0/json-path-2.9.0.jar:/home/joaofe/.m2/repository/org/slf4j/slf4j-api/2.0.12/slf4j-api-2.0.12.jar:/home/joaofe/.m2/repository/jakarta/xml/bind/jakarta.xml.bind-api/4.0.1/jakarta.xml.bind-api-4.0.1.jar:/home/joaofe/.m2/repository/jakarta/activation/jakarta.activation-api/2.1.2/jakarta.activation-api-2.1.2.jar:/home/joaofe/.m2/repository/net/minidev/json-smart/2.5.0/json-smart-2.5.0.jar:/home/joaofe/.m2/repository/net/minidev/accessors-smart/2.5.0/accessors-smart-2.5.0.jar:/home/joaofe/.m2/repository/org/ow2/asm/asm/9.3/asm-9.3.jar:/home/joaofe/.m2/repository/org/awaitility/awaitility/4.2.0/awaitility-4.2.0.jar:/home/joaofe/.m2/repository/org/hamcrest/hamcrest/2.2/hamcrest-2.2.jar:/home/joaofe/.m2/repository/org/junit/jupiter/junit-jupiter/5.10.2/junit-jupiter-5.10.2.jar:/home/joaofe/.m2/repository/org/junit/jupiter/junit-jupiter-api/5.10.2/junit-jupiter-api-5.10.2.jar:/home/joaofe/.m2/repository/org/opentest4j/opentest4j/1.3.0/opentest4j-1.3.0.jar:/home/joaofe/.m2/repository/org/junit/platform/junit-platform-commons/1.10.2/junit-platform-commons-1.10.2.jar:/home/joaofe/.m2/repository/org/apiguardian/apiguardian-api/1.1.2/apiguardian-api-1.1.2.jar:/home/joaofe/.m2/repository/org/junit/jupiter/junit-jupiter-params/5.10.2/junit-jupiter-params-5.10.2.jar:/home/joaofe/.m2/repository/org/junit/jupiter/junit-jupiter-engine/5.10.2/junit-jupiter-engine-5.10.2.jar:/home/joaofe/.m2/repository/org/junit/platform/junit-platform-engine/1.10.2/junit-platform-engine-1.10.2.jar:/home/joaofe/.m2/repository/org/mockito/mockito-core/5.7.0/mockito-core-5.7.0.jar:/home/joaofe/.m2/repository/net/bytebuddy/byte-buddy-agent/1.14.12/byte-buddy-agent-1.14.12.jar:/home/joaofe/.m2/repository/org/objenesis/objenesis/3.3/objenesis-3.3.jar:/home/joaofe/.m2/repository/org/mockito/mockito-junit-jupiter/5.7.0/mockito-junit-jupiter-5.7.0.jar:/home/joaofe/.m2/repository/org/skyscreamer/jsonassert/1.5.1/jsonassert-1.5.1.jar:/home/joaofe/.m2/repository/com/vaadin/external/google/android-json/0.0.20131108.vaadin1/android-json-0.0.20131108.vaadin1.jar:/home/joaofe/.m2/repository/org/springframework/spring-core/6.1.4/spring-core-6.1.4.jar:/home/joaofe/.m2/repository/org/springframework/spring-jcl/6.1.4/spring-jcl-6.1.4.jar:/home/joaofe/.m2/repository/org/springframework/spring-test/6.1.4/spring-test-6.1.4.jar:/home/joaofe/.m2/repository/org/xmlunit/xmlunit-core/2.9.1/xmlunit-core-2.9.1.jar:/home/joaofe/.m2/repository/org/springframework/boot/spring-boot-starter-data-jpa/3.2.3/spring-boot-starter-data-jpa-3.2.3.jar:/home/joaofe/.m2/repository/org/springframework/boot/spring-boot-starter-aop/3.2.3/spring-boot-starter-aop-3.2.3.jar:/home/joaofe/.m2/repository/org/aspectj/aspectjweaver/1.9.21/aspectjweaver-1.9.21.jar:/home/joaofe/.m2/repository/org/springframework/boot/spring-boot-starter-jdbc/3.2.3/spring-boot-starter-jdbc-3.2.3.jar:/home/joaofe/.m2/repository/com/zaxxer/HikariCP/5.0.1/HikariCP-5.0.1.jar:/home/joaofe/.m2/repository/org/springframework/spring-jdbc/6.1.4/spring-jdbc-6.1.4.jar:/home/joaofe/.m2/repository/org/hibernate/orm/hibernate-core/6.4.4.Final/hibernate-core-6.4.4.Final.jar:/home/joaofe/.m2/repository/jakarta/persistence/jakarta.persistence-api/3.1.0/jakarta.persistence-api-3.1.0.jar:/home/joaofe/.m2/repository/jakarta/transaction/jakarta.transaction-api/2.0.1/jakarta.transaction-api-2.0.1.jar:/home/joaofe/.m2/repository/org/jboss/logging/jboss-logging/3.5.3.Final/jboss-logging-3.5.3.Final.jar:/home/joaofe/.m2/repository/org/hibernate/common/hibernate-commons-annotations/6.0.6.Final/hibernate-commons-annotations-6.0.6.Final.jar:/home/joaofe/.m2/repository/io/smallrye/jandex/3.1.2/jandex-3.1.2.jar:/home/joaofe/.m2/repository/com/fasterxml/classmate/1.6.0/classmate-1.6.0.jar:/home/joaofe/.m2/repository/org/glassfish/jaxb/jaxb-runtime/4.0.4/jaxb-runtime-4.0.4.jar:/home/joaofe/.m2/repository/org/glassfish/jaxb/jaxb-core/4.0.4/jaxb-core-4.0.4.jar:/home/joaofe/.m2/repository/org/eclipse/angus/angus-activation/2.0.1/angus-activation-2.0.1.jar:/home/joaofe/.m2/repository/org/glassfish/jaxb/txw2/4.0.4/txw2-4.0.4.jar:/home/joaofe/.m2/repository/com/sun/istack/istack-commons-runtime/4.1.2/istack-commons-runtime-4.1.2.jar:/home/joaofe/.m2/repository/jakarta/inject/jakarta.inject-api/2.0.1/jakarta.inject-api-2.0.1.jar:/home/joaofe/.m2/repository/org/antlr/antlr4-runtime/4.13.0/antlr4-runtime-4.13.0.jar:/home/joaofe/.m2/repository/org/springframework/data/spring-data-jpa/3.2.3/spring-data-jpa-3.2.3.jar:/home/joaofe/.m2/repository/org/springframework/data/spring-data-commons/3.2.3/spring-data-commons-3.2.3.jar:/home/joaofe/.m2/repository/org/springframework/spring-orm/6.1.4/spring-orm-6.1.4.jar:/home/joaofe/.m2/repository/org/springframework/spring-tx/6.1.4/spring-tx-6.1.4.jar:/home/joaofe/.m2/repository/org/springframework/spring-aspects/6.1.4/spring-aspects-6.1.4.jar:/home/joaofe/.m2/repository/org/springframework/boot/spring-boot-starter-validation/3.2.3/spring-boot-starter-validation-3.2.3.jar:/home/joaofe/.m2/repository/org/apache/tomcat/embed/tomcat-embed-el/10.1.19/tomcat-embed-el-10.1.19.jar:/home/joaofe/.m2/repository/org/hibernate/validator/hibernate-validator/8.0.1.Final/hibernate-validator-8.0.1.Final.jar:/home/joaofe/.m2/repository/jakarta/validation/jakarta.validation-api/3.0.2/jakarta.validation-api-3.0.2.jar:/home/joaofe/.m2/repository/com/h2database/h2/2.2.224/h2-2.2.224.jar:/home/joaofe/.m2/repository/org/springdoc/springdoc-openapi-starter-webmvc-ui/2.5.0/springdoc-openapi-starter-webmvc-ui-2.5.0.jar:/home/joaofe/.m2/repository/org/springdoc/springdoc-openapi-starter-webmvc-api/2.5.0/springdoc-openapi-starter-webmvc-api-2.5.0.jar:/home/joaofe/.m2/repository/org/springdoc/springdoc-openapi-starter-common/2.5.0/springdoc-openapi-starter-common-2.5.0.jar:/home/joaofe/.m2/repository/io/swagger/core/v3/swagger-core-jakarta/2.2.21/swagger-core-jakarta-2.2.21.jar:/home/joaofe/.m2/repository/org/apache/commons/commons-lang3/3.13.0/commons-lang3-3.13.0.jar:/home/joaofe/.m2/repository/io/swagger/core/v3/swagger-annotations-jakarta/2.2.21/swagger-annotations-jakarta-2.2.21.jar:/home/joaofe/.m2/repository/io/swagger/core/v3/swagger-models-jakarta/2.2.21/swagger-models-jakarta-2.2.21.jar:/home/joaofe/.m2/repository/com/fasterxml/jackson/dataformat/jackson-dataformat-yaml/2.15.4/jackson-dataformat-yaml-2.15.4.jar:/home/joaofe/.m2/repository/org/webjars/swagger-ui/5.13.0/swagger-ui-5.13.0.jar:/home/joaofe/.m2/repository/org/mapstruct/mapstruct/1.5.0.Final/mapstruct-1.5.0.Final.jar:/home/joaofe/.m2/repository/org/springframework/boot/spring-boot-starter-security/3.2.3/spring-boot-starter-security-3.2.3.jar:/home/joaofe/.m2/repository/org/springframework/spring-aop/6.1.4/spring-aop-6.1.4.jar:/home/joaofe/.m2/repository/org/springframework/security/spring-security-config/6.2.2/spring-security-config-6.2.2.jar:/home/joaofe/.m2/repository/org/springframework/security/spring-security-web/6.2.2/spring-security-web-6.2.2.jar:/home/joaofe/.m2/repository/org/springframework/security/spring-security-test/6.2.2/spring-security-test-6.2.2.jar:/home/joaofe/.m2/repository/org/springframework/security/spring-security-core/6.2.2/spring-security-core-6.2.2.jar:/home/joaofe/.m2/repository/org/springframework/security/spring-security-crypto/6.2.2/spring-security-crypto-6.2.2.jar:/home/joaofe/.m2/repository/io/jsonwebtoken/jjwt-api/0.11.5/jjwt-api-0.11.5.jar:/home/joaofe/.m2/repository/io/jsonwebtoken/jjwt-impl/0.11.2/jjwt-impl-0.11.2.jar:/home/joaofe/.m2/repository/io/jsonwebtoken/jjwt-jackson/0.11.1/jjwt-jackson-0.11.1.jar:/home/joaofe/.m2/repository/com/fasterxml/jackson/core/jackson-databind/2.15.4/jackson-databind-2.15.4.jar:/home/joaofe/.m2/repository/org/springframework/boot/spring-boot-starter-actuator/3.0.5/spring-boot-starter-actuator-3.0.5.jar:/home/joaofe/.m2/repository/org/springframework/boot/spring-boot-actuator-autoconfigure/3.2.3/spring-boot-actuator-autoconfigure-3.2.3.jar:/home/joaofe/.m2/repository/org/springframework/boot/spring-boot-actuator/3.2.3/spring-boot-actuator-3.2.3.jar:/home/joaofe/.m2/repository/io/micrometer/micrometer-observation/1.12.3/micrometer-observation-1.12.3.jar:/home/joaofe/.m2/repository/io/micrometer/micrometer-commons/1.12.3/micrometer-commons-1.12.3.jar:/home/joaofe/.m2/repository/io/micrometer/micrometer-core/1.12.3/micrometer-core-1.12.3.jar:/home/joaofe/.m2/repository/org/hdrhistogram/HdrHistogram/2.1.12/HdrHistogram-2.1.12.jar:/home/joaofe/.m2/repository/org/latencyutils/LatencyUtils/2.0.3/LatencyUtils-2.0.3.jar:/home/joaofe/.m2/repository/org/projectlombok/lombok/1.18.30/lombok-1.18.30.jar:/home/joaofe/.m2/repository/com/mysql/mysql-connector-j/8.4.0/mysql-connector-j-8.4.0.jar:/home/joaofe/.m2/repository/org/assertj/assertj-core/3.26.3/assertj-core-3.26.3.jar:/home/joaofe/.m2/repository/net/bytebuddy/byte-buddy/1.14.12/byte-buddy-1.14.12.jar:/home/joaofe/.m2/repository/com/theokanning/openai-gpt3-java/service/0.18.2/service-0.18.2.jar:/home/joaofe/.m2/repository/com/theokanning/openai-gpt3-java/client/0.18.2/client-0.18.2.jar:/home/joaofe/.m2/repository/com/theokanning/openai-gpt3-java/api/0.18.2/api-0.18.2.jar:/home/joaofe/.m2/repository/com/squareup/retrofit2/retrofit/2.9.0/retrofit-2.9.0.jar:/home/joaofe/.m2/repository/com/squareup/okhttp3/okhttp/4.12.0/okhttp-4.12.0.jar:/home/joaofe/.m2/repository/com/squareup/okio/okio/3.6.0/okio-3.6.0.jar:/home/joaofe/.m2/repository/com/squareup/okio/okio-jvm/3.6.0/okio-jvm-3.6.0.jar:/home/joaofe/.m2/repository/org/jetbrains/kotlin/kotlin-stdlib-common/1.9.22/kotlin-stdlib-common-1.9.22.jar:/home/joaofe/.m2/repository/org/jetbrains/kotlin/kotlin-stdlib-jdk8/1.9.22/kotlin-stdlib-jdk8-1.9.22.jar:/home/joaofe/.m2/repository/org/jetbrains/kotlin/kotlin-stdlib/1.9.22/kotlin-stdlib-1.9.22.jar:/home/joaofe/.m2/repository/org/jetbrains/annotations/13.0/annotations-13.0.jar:/home/joaofe/.m2/repository/org/jetbrains/kotlin/kotlin-stdlib-jdk7/1.9.22/kotlin-stdlib-jdk7-1.9.22.jar:/home/joaofe/.m2/repository/com/squareup/retrofit2/adapter-rxjava2/2.9.0/adapter-rxjava2-2.9.0.jar:/home/joaofe/.m2/repository/io/reactivex/rxjava2/rxjava/2.0.0/rxjava-2.0.0.jar:/home/joaofe/.m2/repository/org/reactivestreams/reactive-streams/1.0.4/reactive-streams-1.0.4.jar:/home/joaofe/.m2/repository/com/squareup/retrofit2/converter-jackson/2.9.0/converter-jackson-2.9.0.jar:/home/joaofe/.m2/repository/com/kjetland/mbknor-jackson-jsonschema_2.12/1.0.34/mbknor-jackson-jsonschema_2.12-1.0.34.jar:/home/joaofe/.m2/repository/org/scala-lang/scala-library/2.12.8/scala-library-2.12.8.jar:/home/joaofe/.m2/repository/javax/validation/validation-api/2.0.1.Final/validation-api-2.0.1.Final.jar:/home/joaofe/.m2/repository/io/github/classgraph/classgraph/4.8.21/classgraph-4.8.21.jar:/home/joaofe/.m2/repository/com/knuddels/jtokkit/0.6.1/jtokkit-0.6.1.jar:/home/joaofe/.m2/repository/software/amazon/awssdk/lambda/2.27.4/lambda-2.27.4.jar:/home/joaofe/.m2/repository/software/amazon/awssdk/aws-json-protocol/2.27.4/aws-json-protocol-2.27.4.jar:/home/joaofe/.m2/repository/software/amazon/awssdk/third-party-jackson-core/2.27.4/third-party-jackson-core-2.27.4.jar:/home/joaofe/.m2/repository/software/amazon/awssdk/protocol-core/2.27.4/protocol-core-2.27.4.jar:/home/joaofe/.m2/repository/software/amazon/awssdk/http-auth-aws/2.27.4/http-auth-aws-2.27.4.jar:/home/joaofe/.m2/repository/software/amazon/awssdk/checksums-spi/2.27.4/checksums-spi-2.27.4.jar:/home/joaofe/.m2/repository/software/amazon/awssdk/checksums/2.27.4/checksums-2.27.4.jar:/home/joaofe/.m2/repository/software/amazon/awssdk/sdk-core/2.27.4/sdk-core-2.27.4.jar:/home/joaofe/.m2/repository/software/amazon/awssdk/profiles/2.27.4/profiles-2.27.4.jar:/home/joaofe/.m2/repository/software/amazon/awssdk/retries/2.27.4/retries-2.27.4.jar:/home/joaofe/.m2/repository/software/amazon/awssdk/auth/2.27.4/auth-2.27.4.jar:/home/joaofe/.m2/repository/software/amazon/awssdk/http-auth-aws-eventstream/2.27.4/http-auth-aws-eventstream-2.27.4.jar:/home/joaofe/.m2/repository/software/amazon/eventstream/eventstream/1.0.1/eventstream-1.0.1.jar:/home/joaofe/.m2/repository/software/amazon/awssdk/http-auth-spi/2.27.4/http-auth-spi-2.27.4.jar:/home/joaofe/.m2/repository/software/amazon/awssdk/http-auth/2.27.4/http-auth-2.27.4.jar:/home/joaofe/.m2/repository/software/amazon/awssdk/identity-spi/2.27.4/identity-spi-2.27.4.jar:/home/joaofe/.m2/repository/software/amazon/awssdk/http-client-spi/2.27.4/http-client-spi-2.27.4.jar:/home/joaofe/.m2/repository/software/amazon/awssdk/regions/2.27.4/regions-2.27.4.jar:/home/joaofe/.m2/repository/software/amazon/awssdk/annotations/2.27.4/annotations-2.27.4.jar:/home/joaofe/.m2/repository/software/amazon/awssdk/utils/2.27.4/utils-2.27.4.jar:/home/joaofe/.m2/repository/software/amazon/awssdk/aws-core/2.27.4/aws-core-2.27.4.jar:/home/joaofe/.m2/repository/software/amazon/awssdk/metrics-spi/2.27.4/metrics-spi-2.27.4.jar:/home/joaofe/.m2/repository/software/amazon/awssdk/json-utils/2.27.4/json-utils-2.27.4.jar:/home/joaofe/.m2/repository/software/amazon/awssdk/endpoints-spi/2.27.4/endpoints-spi-2.27.4.jar:/home/joaofe/.m2/repository/software/amazon/awssdk/retries-spi/2.27.4/retries-spi-2.27.4.jar:/home/joaofe/.m2/repository/software/amazon/awssdk/apache-client/2.27.4/apache-client-2.27.4.jar:/home/joaofe/.m2/repository/org/apache/httpcomponents/httpclient/4.5.13/httpclient-4.5.13.jar:/home/joaofe/.m2/repository/commons-logging/commons-logging/1.2/commons-logging-1.2.jar:/home/joaofe/.m2/repository/org/apache/httpcomponents/httpcore/4.4.16/httpcore-4.4.16.jar:/home/joaofe/.m2/repository/commons-codec/commons-codec/1.16.1/commons-codec-1.16.1.jar:/home/joaofe/.m2/repository/software/amazon/awssdk/netty-nio-client/2.27.4/netty-nio-client-2.27.4.jar:/home/joaofe/.m2/repository/io/netty/netty-codec-http/4.1.107.Final/netty-codec-http-4.1.107.Final.jar:/home/joaofe/.m2/repository/io/netty/netty-codec-http2/4.1.107.Final/netty-codec-http2-4.1.107.Final.jar:/home/joaofe/.m2/repository/io/netty/netty-codec/4.1.107.Final/netty-codec-4.1.107.Final.jar:/home/joaofe/.m2/repository/io/netty/netty-transport/4.1.107.Final/netty-transport-4.1.107.Final.jar:/home/joaofe/.m2/repository/io/netty/netty-common/4.1.107.Final/netty-common-4.1.107.Final.jar:/home/joaofe/.m2/repository/io/netty/netty-buffer/4.1.107.Final/netty-buffer-4.1.107.Final.jar:/home/joaofe/.m2/repository/io/netty/netty-handler/4.1.107.Final/netty-handler-4.1.107.Final.jar:/home/joaofe/.m2/repository/io/netty/netty-transport-native-unix-common/4.1.107.Final/netty-transport-native-unix-common-4.1.107.Final.jar:/home/joaofe/.m2/repository/io/netty/netty-transport-classes-epoll/4.1.107.Final/netty-transport-classes-epoll-4.1.107.Final.jar:/home/joaofe/.m2/repository/io/netty/netty-resolver/4.1.107.Final/netty-resolver-4.1.107.Final.jar:/home/joaofe/.m2/repository/com/fasterxml/jackson/datatype/jackson-datatype-jsr310/2.15.4/jackson-datatype-jsr310-2.15.4.jar:/home/joaofe/.m2/repository/com/fasterxml/jackson/core/jackson-annotations/2.15.4/jackson-annotations-2.15.4.jar:/home/joaofe/.m2/repository/com/fasterxml/jackson/core/jackson-core/2.15.4/jackson-core-2.15.4.jar:"/>
    <property name="sun.cpu.endian" value="little"/>
    <property name="user.home" value="/home/joaofe"/>
    <property name="user.language" value="pt"/>
    <property name="java.specification.vendor" value="Oracle Corporation"/>
    <property name="java.version.date" value="2024-07-16"/>
    <property name="java.home" value="/home/joaofe/.sdkman/candidates/java/17.0.12-oracle"/>
    <property name="file.separator" value="/"/>
    <property name="basedir" value="/home/joaofe/Documentos/LearLink/Learn-Link/back-end/api-learn-link"/>
    <property name="java.vm.compressedOopsMode" value="32-bit"/>
    <property name="line.separator" value="&#10;"/>
    <property name="java.vm.specification.vendor" value="Oracle Corporation"/>
    <property name="java.specification.name" value="Java Platform API Specification"/>
    <property name="surefire.real.class.path" value="/home/joaofe/Documentos/LearLink/Learn-Link/back-end/api-learn-link/target/surefire/surefirebooter-20241204192640927_3.jar"/>
    <property name="sun.management.compiler" value="HotSpot 64-Bit Tiered Compilers"/>
    <property name="java.runtime.version" value="17.0.12+8-LTS-286"/>
    <property name="user.name" value="joaofe"/>
    <property name="path.separator" value=":"/>
    <property name="os.version" value="6.8.0-49-generic"/>
    <property name="java.runtime.name" value="Java(TM) SE Runtime Environment"/>
    <property name="file.encoding" value="UTF-8"/>
    <property name="java.vm.name" value="Java HotSpot(TM) 64-Bit Server VM"/>
    <property name="localRepository" value="/home/joaofe/.m2/repository"/>
    <property name="java.vendor.url.bug" value="https://bugreport.java.com/bugreport/"/>
    <property name="java.io.tmpdir" value="/tmp"/>
    <property name="java.version" value="17.0.12"/>
    <property name="user.dir" value="/home/joaofe/Documentos/LearLink/Learn-Link/back-end/api-learn-link"/>
    <property name="os.arch" value="amd64"/>
    <property name="java.vm.specification.name" value="Java Virtual Machine Specification"/>
    <property name="native.encoding" value="UTF-8"/>
    <property name="java.library.path" value="/usr/java/packages/lib:/usr/lib64:/lib64:/lib:/usr/lib"/>
    <property name="java.vm.info" value="mixed mode, sharing"/>
    <property name="java.vendor" value="Oracle Corporation"/>
    <property name="java.vm.version" value="17.0.12+8-LTS-286"/>
    <property name="sun.io.unicode.encoding" value="UnicodeLittle"/>
    <property name="java.class.version" value="61.0"/>
  </properties>
  <testcase name="testListarPorPublicacaoPaginado" classname="co.solvers.apilearnlink.service.comentario.ComentarioServiceTest" time="0.299"/>
  <testcase name="testEditarComentario" classname="co.solvers.apilearnlink.service.comentario.ComentarioServiceTest" time="0.018"/>
  <testcase name="testBuscarPorIdComentarioInexistente" classname="co.solvers.apilearnlink.service.comentario.ComentarioServiceTest" time="0.007"/>
  <testcase name="testComentar" classname="co.solvers.apilearnlink.service.comentario.ComentarioServiceTest" time="0.015"/>
  <testcase name="testListarPorPublicacao" classname="co.solvers.apilearnlink.service.comentario.ComentarioServiceTest" time="0.006"/>
  <testcase name="testDeletarComentarioExistente" classname="co.solvers.apilearnlink.service.comentario.ComentarioServiceTest" time="0.006"/>
  <testcase name="testBuscarPorIdComentarioExistente" classname="co.solvers.apilearnlink.service.comentario.ComentarioServiceTest" time="0.005"/>
  <testcase name="testDeletarComentarioInexistente" classname="co.solvers.apilearnlink.service.comentario.ComentarioServiceTest" time="0.006"/>
</testsuite>